find_executable: checking for pg_config... -------------------- no

--------------------

checking for libpq per pkg-config... -------------------- no

"pkg-config --exists libpq"
package configuration for libpq is not found
--------------------

find_header: checking for libpq-fe.h... -------------------- no

"gcc -fdeclspec -o conftest -I/Users/snowlukin/.rvm/rubies/ruby-3.0.3/include/ruby-3.0.0/x86_64-darwin22 -I/Users/snowlukin/.rvm/rubies/ruby-3.0.3/include/ruby-3.0.0/ruby/backward -I/Users/snowlukin/.rvm/rubies/ruby-3.0.3/include/ruby-3.0.0 -I. -D_XOPEN_SOURCE -D_DARWIN_C_SOURCE -D_DARWIN_UNLIMITED_SELECT -D_REENTRANT   -O3 -I/usr/local/opt/libyaml/include -I/usr/local/opt/libksba/include -I/usr/local/opt/readline/include -I/usr/local/opt/zlib/include -I/usr/local/opt/openssl@1.1/include -fno-common -pipe conftest.c  -L. -L/Users/snowlukin/.rvm/rubies/ruby-3.0.3/lib -L. -L/usr/local/opt/libyaml/lib -L/usr/local/opt/libksba/lib -L/usr/local/opt/readline/lib -L/usr/local/opt/zlib/lib -L/usr/local/opt/openssl@1.1/lib -fstack-protector-strong -L/usr/local/lib     -lruby.3.0   "
checked program was:
/* begin */
1: #include "ruby.h"
2: 
3: int main(int argc, char **argv)
4: {
5:   return !!argv[argc];
6: }
/* end */

"gcc -E -I/Users/snowlukin/.rvm/rubies/ruby-3.0.3/include/ruby-3.0.0/x86_64-darwin22 -I/Users/snowlukin/.rvm/rubies/ruby-3.0.3/include/ruby-3.0.0/ruby/backward -I/Users/snowlukin/.rvm/rubies/ruby-3.0.3/include/ruby-3.0.0 -I. -D_XOPEN_SOURCE -D_DARWIN_C_SOURCE -D_DARWIN_UNLIMITED_SELECT -D_REENTRANT   -O3 -I/usr/local/opt/libyaml/include -I/usr/local/opt/libksba/include -I/usr/local/opt/readline/include -I/usr/local/opt/zlib/include -I/usr/local/opt/openssl@1.1/include -fno-common -pipe  conftest.c -o conftest.i"
conftest.c:3:10: fatal error: 'libpq-fe.h' file not found
#include <libpq-fe.h>
         ^~~~~~~~~~~~
1 error generated.
checked program was:
/* begin */
1: #include "ruby.h"
2: 
3: #include <libpq-fe.h>
/* end */

--------------------

